1750264815.085733 client started (44460): version 3.5a, socket /private/tmp/tmux-501/default, protocol 8
1750264815.085830 on Darwin 24.5.0 Darwin Kernel Version 24.5.0: Tue Apr 22 19:54:43 PDT 2025; root:xnu-11417.121.6~2/RELEASE_ARM64_T8132
1750264815.085845 using libevent 2.1.12-stable select
1750264815.086280 using utf8proc 2.10.0
1750264815.086291 using ncurses 6.5 20240427
1750264815.086311 flags are 0x18010000
1750264815.086319 socket is /private/tmp/tmux-501/default
1750264815.086336 trying connect
1750264815.086392 add peer 0x128048000: 6 (0x0)
1750264815.089262 sending message 111 to peer 0x128048000 (8 bytes)
1750264815.089317 sending message 111 to peer 0x128048000 (8 bytes)
1750264815.089328 sending message 101 to peer 0x128048000 (15 bytes)
1750264815.089336 sending message 109 to peer 0x128048000 (4 bytes)
1750264815.089343 sending message 102 to peer 0x128048000 (13 bytes)
1750264815.089349 sending message 108 to peer 0x128048000 (36 bytes)
1750264815.089355 sending message 112 to peer 0x128048000 (58 bytes)
1750264815.089361 sending message 112 to peer 0x128048000 (5 bytes)
1750264815.089367 sending message 112 to peer 0x128048000 (5 bytes)
1750264815.089373 sending message 112 to peer 0x128048000 (6 bytes)
1750264815.089401 sending message 112 to peer 0x128048000 (6 bytes)
1750264815.089411 sending message 112 to peer 0x128048000 (11 bytes)
1750264815.089417 sending message 112 to peer 0x128048000 (10 bytes)
1750264815.089423 sending message 112 to peer 0x128048000 (13 bytes)
1750264815.089428 sending message 112 to peer 0x128048000 (14 bytes)
1750264815.089435 sending message 112 to peer 0x128048000 (19 bytes)
1750264815.089440 sending message 112 to peer 0x128048000 (11 bytes)
1750264815.089446 sending message 112 to peer 0x128048000 (10 bytes)
1750264815.089452 sending message 112 to peer 0x128048000 (15 bytes)
1750264815.089457 sending message 112 to peer 0x128048000 (21 bytes)
1750264815.089462 sending message 112 to peer 0x128048000 (13 bytes)
1750264815.089468 sending message 112 to peer 0x128048000 (7 bytes)
1750264815.089473 sending message 112 to peer 0x128048000 (13 bytes)
1750264815.089478 sending message 112 to peer 0x128048000 (7 bytes)
1750264815.089483 sending message 112 to peer 0x128048000 (13 bytes)
1750264815.089488 sending message 112 to peer 0x128048000 (9 bytes)
1750264815.089493 sending message 112 to peer 0x128048000 (21 bytes)
1750264815.089498 sending message 112 to peer 0x128048000 (13 bytes)
1750264815.089503 sending message 112 to peer 0x128048000 (9 bytes)
1750264815.089508 sending message 112 to peer 0x128048000 (16 bytes)
1750264815.089514 sending message 112 to peer 0x128048000 (13 bytes)
1750264815.089519 sending message 112 to peer 0x128048000 (9 bytes)
1750264815.089524 sending message 112 to peer 0x128048000 (9 bytes)
1750264815.089529 sending message 112 to peer 0x128048000 (12 bytes)
1750264815.089534 sending message 112 to peer 0x128048000 (8 bytes)
1750264815.089540 sending message 112 to peer 0x128048000 (8 bytes)
1750264815.089544 sending message 112 to peer 0x128048000 (13 bytes)
1750264815.089549 sending message 112 to peer 0x128048000 (7 bytes)
1750264815.089555 sending message 112 to peer 0x128048000 (7 bytes)
1750264815.089560 sending message 112 to peer 0x128048000 (9 bytes)
1750264815.089565 sending message 112 to peer 0x128048000 (9 bytes)
1750264815.089570 sending message 112 to peer 0x128048000 (15 bytes)
1750264815.089575 sending message 112 to peer 0x128048000 (13 bytes)
1750264815.089580 sending message 112 to peer 0x128048000 (12 bytes)
1750264815.089585 sending message 112 to peer 0x128048000 (8 bytes)
1750264815.089590 sending message 112 to peer 0x128048000 (14 bytes)
1750264815.089596 sending message 112 to peer 0x128048000 (11 bytes)
1750264815.089601 sending message 112 to peer 0x128048000 (9 bytes)
1750264815.089606 sending message 112 to peer 0x128048000 (10 bytes)
1750264815.089611 sending message 112 to peer 0x128048000 (10 bytes)
1750264815.089615 sending message 112 to peer 0x128048000 (10 bytes)
1750264815.089620 sending message 112 to peer 0x128048000 (10 bytes)
1750264815.089656 sending message 112 to peer 0x128048000 (11 bytes)
1750264815.089660 sending message 112 to peer 0x128048000 (12 bytes)
1750264815.089664 sending message 112 to peer 0x128048000 (12 bytes)
1750264815.089668 sending message 112 to peer 0x128048000 (12 bytes)
1750264815.089672 sending message 112 to peer 0x128048000 (12 bytes)
1750264815.089676 sending message 112 to peer 0x128048000 (12 bytes)
1750264815.089679 sending message 112 to peer 0x128048000 (11 bytes)
1750264815.089683 sending message 112 to peer 0x128048000 (11 bytes)
1750264815.089687 sending message 112 to peer 0x128048000 (12 bytes)
1750264815.089691 sending message 112 to peer 0x128048000 (12 bytes)
1750264815.089694 sending message 112 to peer 0x128048000 (12 bytes)
1750264815.089698 sending message 112 to peer 0x128048000 (12 bytes)
1750264815.089702 sending message 112 to peer 0x128048000 (12 bytes)
1750264815.089706 sending message 112 to peer 0x128048000 (9 bytes)
1750264815.089709 sending message 112 to peer 0x128048000 (12 bytes)
1750264815.089713 sending message 112 to peer 0x128048000 (13 bytes)
1750264815.089717 sending message 112 to peer 0x128048000 (13 bytes)
1750264815.089720 sending message 112 to peer 0x128048000 (13 bytes)
1750264815.089724 sending message 112 to peer 0x128048000 (13 bytes)
1750264815.089728 sending message 112 to peer 0x128048000 (13 bytes)
1750264815.089731 sending message 112 to peer 0x128048000 (8 bytes)
1750264815.089735 sending message 112 to peer 0x128048000 (11 bytes)
1750264815.089739 sending message 112 to peer 0x128048000 (11 bytes)
1750264815.089743 sending message 112 to peer 0x128048000 (11 bytes)
1750264815.089746 sending message 112 to peer 0x128048000 (12 bytes)
1750264815.089750 sending message 112 to peer 0x128048000 (12 bytes)
1750264815.089754 sending message 112 to peer 0x128048000 (12 bytes)
1750264815.089757 sending message 112 to peer 0x128048000 (12 bytes)
1750264815.089761 sending message 112 to peer 0x128048000 (13 bytes)
1750264815.089765 sending message 112 to peer 0x128048000 (13 bytes)
1750264815.089768 sending message 112 to peer 0x128048000 (13 bytes)
1750264815.089772 sending message 112 to peer 0x128048000 (8 bytes)
1750264815.089775 sending message 112 to peer 0x128048000 (13 bytes)
1750264815.089779 sending message 112 to peer 0x128048000 (13 bytes)
1750264815.089783 sending message 112 to peer 0x128048000 (13 bytes)
1750264815.089786 sending message 112 to peer 0x128048000 (13 bytes)
1750264815.089790 sending message 112 to peer 0x128048000 (13 bytes)
1750264815.089794 sending message 112 to peer 0x128048000 (12 bytes)
1750264815.089797 sending message 112 to peer 0x128048000 (12 bytes)
1750264815.089801 sending message 112 to peer 0x128048000 (12 bytes)
1750264815.089805 sending message 112 to peer 0x128048000 (12 bytes)
1750264815.089808 sending message 112 to peer 0x128048000 (13 bytes)
1750264815.089812 sending message 112 to peer 0x128048000 (8 bytes)
1750264815.089816 sending message 112 to peer 0x128048000 (13 bytes)
1750264815.089819 sending message 112 to peer 0x128048000 (13 bytes)
1750264815.089823 sending message 112 to peer 0x128048000 (13 bytes)
1750264815.089827 sending message 112 to peer 0x128048000 (13 bytes)
1750264815.089830 sending message 112 to peer 0x128048000 (13 bytes)
1750264815.089834 sending message 112 to peer 0x128048000 (13 bytes)
1750264815.089838 sending message 112 to peer 0x128048000 (13 bytes)
1750264815.089841 sending message 112 to peer 0x128048000 (12 bytes)
1750264815.089845 sending message 112 to peer 0x128048000 (12 bytes)
1750264815.089848 sending message 112 to peer 0x128048000 (12 bytes)
1750264815.089852 sending message 112 to peer 0x128048000 (8 bytes)
1750264815.089856 sending message 112 to peer 0x128048000 (12 bytes)
1750264815.089859 sending message 112 to peer 0x128048000 (13 bytes)
1750264815.089863 sending message 112 to peer 0x128048000 (13 bytes)
1750264815.089867 sending message 112 to peer 0x128048000 (13 bytes)
1750264815.089870 sending message 112 to peer 0x128048000 (13 bytes)
1750264815.089887 sending message 112 to peer 0x128048000 (13 bytes)
1750264815.089891 sending message 112 to peer 0x128048000 (13 bytes)
1750264815.089895 sending message 112 to peer 0x128048000 (13 bytes)
1750264815.089898 sending message 112 to peer 0x128048000 (13 bytes)
1750264815.089902 sending message 112 to peer 0x128048000 (12 bytes)
1750264815.089906 sending message 112 to peer 0x128048000 (10 bytes)
1750264815.089909 sending message 112 to peer 0x128048000 (12 bytes)
1750264815.089913 sending message 112 to peer 0x128048000 (12 bytes)
1750264815.089917 sending message 112 to peer 0x128048000 (12 bytes)
1750264815.089920 sending message 112 to peer 0x128048000 (13 bytes)
1750264815.089924 sending message 112 to peer 0x128048000 (13 bytes)
1750264815.089928 sending message 112 to peer 0x128048000 (13 bytes)
1750264815.089932 sending message 112 to peer 0x128048000 (13 bytes)
1750264815.089935 sending message 112 to peer 0x128048000 (13 bytes)
1750264815.089939 sending message 112 to peer 0x128048000 (13 bytes)
1750264815.089942 sending message 112 to peer 0x128048000 (13 bytes)
1750264815.089946 sending message 112 to peer 0x128048000 (10 bytes)
1750264815.089950 sending message 112 to peer 0x128048000 (13 bytes)
1750264815.089953 sending message 112 to peer 0x128048000 (12 bytes)
1750264815.089957 sending message 112 to peer 0x128048000 (12 bytes)
1750264815.089961 sending message 112 to peer 0x128048000 (12 bytes)
1750264815.089964 sending message 112 to peer 0x128048000 (10 bytes)
1750264815.089968 sending message 112 to peer 0x128048000 (10 bytes)
1750264815.089972 sending message 112 to peer 0x128048000 (10 bytes)
1750264815.089975 sending message 112 to peer 0x128048000 (12 bytes)
1750264815.089979 sending message 112 to peer 0x128048000 (13 bytes)
1750264815.089983 sending message 112 to peer 0x128048000 (13 bytes)
1750264815.089986 sending message 112 to peer 0x128048000 (13 bytes)
1750264815.089990 sending message 112 to peer 0x128048000 (13 bytes)
1750264815.089994 sending message 112 to peer 0x128048000 (13 bytes)
1750264815.089997 sending message 112 to peer 0x128048000 (10 bytes)
1750264815.090001 sending message 112 to peer 0x128048000 (11 bytes)
1750264815.090005 sending message 112 to peer 0x128048000 (12 bytes)
1750264815.090008 sending message 112 to peer 0x128048000 (12 bytes)
1750264815.090012 sending message 112 to peer 0x128048000 (12 bytes)
1750264815.090016 sending message 112 to peer 0x128048000 (12 bytes)
1750264815.090019 sending message 112 to peer 0x128048000 (12 bytes)
1750264815.090023 sending message 112 to peer 0x128048000 (11 bytes)
1750264815.090027 sending message 112 to peer 0x128048000 (12 bytes)
1750264815.090030 sending message 112 to peer 0x128048000 (12 bytes)
1750264815.090034 sending message 112 to peer 0x128048000 (13 bytes)
1750264815.090038 sending message 112 to peer 0x128048000 (13 bytes)
1750264815.090041 sending message 112 to peer 0x128048000 (13 bytes)
1750264815.090045 sending message 112 to peer 0x128048000 (13 bytes)
1750264815.090049 sending message 112 to peer 0x128048000 (13 bytes)
1750264815.090052 sending message 112 to peer 0x128048000 (10 bytes)
1750264815.090056 sending message 112 to peer 0x128048000 (9 bytes)
1750264815.090060 sending message 112 to peer 0x128048000 (12 bytes)
1750264815.090063 sending message 112 to peer 0x128048000 (13 bytes)
1750264815.090067 sending message 112 to peer 0x128048000 (13 bytes)
1750264815.090071 sending message 112 to peer 0x128048000 (13 bytes)
1750264815.090074 sending message 112 to peer 0x128048000 (13 bytes)
1750264815.090078 sending message 112 to peer 0x128048000 (13 bytes)
1750264815.090082 sending message 112 to peer 0x128048000 (9 bytes)
1750264815.090085 sending message 112 to peer 0x128048000 (12 bytes)
1750264815.090089 sending message 112 to peer 0x128048000 (13 bytes)
1750264815.090093 sending message 112 to peer 0x128048000 (13 bytes)
1750264815.090096 sending message 112 to peer 0x128048000 (13 bytes)
1750264815.090100 sending message 112 to peer 0x128048000 (13 bytes)
1750264815.090104 sending message 112 to peer 0x128048000 (13 bytes)
1750264815.090113 sending message 112 to peer 0x128048000 (11 bytes)
1750264815.090117 sending message 112 to peer 0x128048000 (12 bytes)
1750264815.090120 sending message 112 to peer 0x128048000 (13 bytes)
1750264815.090124 sending message 112 to peer 0x128048000 (13 bytes)
1750264815.090128 sending message 112 to peer 0x128048000 (13 bytes)
1750264815.090131 sending message 112 to peer 0x128048000 (13 bytes)
1750264815.090135 sending message 112 to peer 0x128048000 (13 bytes)
1750264815.090139 sending message 112 to peer 0x128048000 (11 bytes)
1750264815.090142 sending message 112 to peer 0x128048000 (12 bytes)
1750264815.090146 sending message 112 to peer 0x128048000 (12 bytes)
1750264815.090150 sending message 112 to peer 0x128048000 (12 bytes)
1750264815.090153 sending message 112 to peer 0x128048000 (12 bytes)
1750264815.090157 sending message 112 to peer 0x128048000 (12 bytes)
1750264815.090161 sending message 112 to peer 0x128048000 (21 bytes)
1750264815.090164 sending message 112 to peer 0x128048000 (12 bytes)
1750264815.090168 sending message 112 to peer 0x128048000 (9 bytes)
1750264815.090172 sending message 112 to peer 0x128048000 (6 bytes)
1750264815.090175 sending message 112 to peer 0x128048000 (13 bytes)
1750264815.090179 sending message 112 to peer 0x128048000 (10 bytes)
1750264815.090183 sending message 112 to peer 0x128048000 (15 bytes)
1750264815.090186 sending message 112 to peer 0x128048000 (13 bytes)
1750264815.090190 sending message 112 to peer 0x128048000 (9 bytes)
1750264815.090194 sending message 112 to peer 0x128048000 (70 bytes)
1750264815.090198 sending message 112 to peer 0x128048000 (69 bytes)
1750264815.090201 sending message 112 to peer 0x128048000 (73 bytes)
1750264815.090205 sending message 112 to peer 0x128048000 (12 bytes)
1750264815.090209 sending message 112 to peer 0x128048000 (10 bytes)
1750264815.090212 sending message 112 to peer 0x128048000 (10 bytes)
1750264815.090216 sending message 112 to peer 0x128048000 (15 bytes)
1750264815.090220 sending message 112 to peer 0x128048000 (13 bytes)
1750264815.090223 sending message 112 to peer 0x128048000 (10 bytes)
1750264815.090227 sending message 112 to peer 0x128048000 (10 bytes)
1750264815.090231 sending message 112 to peer 0x128048000 (17 bytes)
1750264815.090234 sending message 112 to peer 0x128048000 (10 bytes)
1750264815.090238 sending message 112 to peer 0x128048000 (13 bytes)
1750264815.090242 sending message 112 to peer 0x128048000 (15 bytes)
1750264815.090245 sending message 112 to peer 0x128048000 (5 bytes)
1750264815.090251 sending message 104 to peer 0x128048000 (0 bytes)
1750264815.090256 sending message 110 to peer 0x128048000 (0 bytes)
1750264815.090260 sending message 107 to peer 0x128048000 (4 bytes)
1750264815.090264 sending message 105 to peer 0x128048000 (60 bytes)
1750264815.090268 sending message 105 to peer 0x128048000 (66 bytes)
1750264815.090272 sending message 105 to peer 0x128048000 (27 bytes)
1750264815.090275 sending message 105 to peer 0x128048000 (15 bytes)
1750264815.090279 sending message 105 to peer 0x128048000 (22 bytes)
1750264815.090283 sending message 105 to peer 0x128048000 (14 bytes)
1750264815.090286 sending message 105 to peer 0x128048000 (17 bytes)
1750264815.090290 sending message 105 to peer 0x128048000 (40 bytes)
1750264815.090294 sending message 105 to peer 0x128048000 (15 bytes)
1750264815.090298 sending message 105 to peer 0x128048000 (43 bytes)
1750264815.090301 sending message 105 to peer 0x128048000 (44 bytes)
1750264815.090305 sending message 105 to peer 0x128048000 (28 bytes)
1750264815.090309 sending message 105 to peer 0x128048000 (23 bytes)
1750264815.090313 sending message 105 to peer 0x128048000 (394 bytes)
1750264815.090317 sending message 105 to peer 0x128048000 (19 bytes)
1750264815.090321 sending message 105 to peer 0x128048000 (20 bytes)
1750264815.090325 sending message 105 to peer 0x128048000 (22 bytes)
1750264815.090329 sending message 105 to peer 0x128048000 (20 bytes)
1750264815.090332 sending message 105 to peer 0x128048000 (86 bytes)
1750264815.090344 sending message 105 to peer 0x128048000 (28 bytes)
1750264815.090349 sending message 105 to peer 0x128048000 (57 bytes)
1750264815.090352 sending message 105 to peer 0x128048000 (21 bytes)
1750264815.090356 sending message 105 to peer 0x128048000 (19 bytes)
1750264815.090360 sending message 105 to peer 0x128048000 (24 bytes)
1750264815.090363 sending message 105 to peer 0x128048000 (61 bytes)
1750264815.090367 sending message 105 to peer 0x128048000 (32 bytes)
1750264815.090371 sending message 105 to peer 0x128048000 (8 bytes)
1750264815.090375 sending message 105 to peer 0x128048000 (38 bytes)
1750264815.090379 sending message 105 to peer 0x128048000 (30 bytes)
1750264815.090383 sending message 105 to peer 0x128048000 (37 bytes)
1750264815.090387 sending message 105 to peer 0x128048000 (34 bytes)
1750264815.090391 sending message 105 to peer 0x128048000 (35 bytes)
1750264815.090395 sending message 105 to peer 0x128048000 (38 bytes)
1750264815.090398 sending message 105 to peer 0x128048000 (11 bytes)
1750264815.090402 sending message 105 to peer 0x128048000 (8 bytes)
1750264815.090406 sending message 105 to peer 0x128048000 (32 bytes)
1750264815.090413 sending message 105 to peer 0x128048000 (96 bytes)
1750264815.090417 sending message 105 to peer 0x128048000 (25 bytes)
1750264815.090421 sending message 106 to peer 0x128048000 (0 bytes)
1750264815.090503 sending message 200 to peer 0x128048000 (4 bytes)
1750264815.090511 client loop enter
1750264815.093677 peer 0x128048000 message 207
1750264815.093711 sending message 208 to peer 0x128048000 (0 bytes)
1750264821.405833 peer 0x128048000 message 201
1750264821.405887 sending message 205 to peer 0x128048000 (0 bytes)
1750264821.406456 peer 0x128048000 message 204
1750264821.406486 client loop exit
